# JRE version: Java(TM) SE Runtime Environment (19.0.1+10) (build 19.0.1+10-21)
# Java VM: Java HotSpot(TM) 64-Bit Server VM (19.0.1+10-21, mixed mode, sharing, tiered, compressed oops, compressed class ptrs, g1 gc, windows-amd64)
GC Precious Log:
 CardTable entry size: 512
 Card Set container configuration: InlinePtr #cards 4 size 8 Array Of Cards #cards 32 size 80 Howl #buckets 8 coarsen threshold 7372 Howl Bitmap #cards 1024 size 144 coarsen threshold 921 Card regions per heap region 1 cards per card region 8192
 CPUs: 12 total, 12 available
 Memory: 7521M
 Large Page Support: Disabled
 NUMA Support: Disabled
 Compressed Oops: Enabled (Zero based)
 Heap Region Size: 4M
 Heap Min Capacity: 8M
 Heap Initial Capacity: 120M
 Heap Max Capacity: 8G
 Pre-touch: Disabled
 Parallel Workers: 10
 Concurrent Workers: 3
 Concurrent Refinement Workers: 10
 Periodic GC: Disabled
Heap:
 garbage-first heap   total 122880K, used 44146K [0x0000000600000000, 0x0000000800000000)
  region size 4096K, 2 young (8192K), 2 survivors (8192K)
 Metaspace       used 51280K, committed 53120K, reserved 1114112K
  class space    used 7362K, committed 8320K, reserved 1048576K
GC Heap History (20 events):
Event: 1.845 GC heap after
{Heap after GC invocations=3 (full 0):
 garbage-first heap   total 122880K, used 16076K [0x0000000600000000, 0x0000000800000000)
  region size 4096K, 2 young (8192K), 2 survivors (8192K)
 Metaspace       used 4622K, committed 4864K, reserved 1114112K
  class space    used 563K, committed 704K, reserved 1048576K
}
Event: 3.143 GC heap before
{Heap before GC invocations=3 (full 0):
 garbage-first heap   total 122880K, used 77516K [0x0000000600000000, 0x0000000800000000)
  region size 4096K, 17 young (69632K), 2 survivors (8192K)
 Metaspace       used 16569K, committed 17152K, reserved 1114112K
  class space    used 2234K, committed 2496K, reserved 1048576K
}
Event: 3.149 GC heap after
{Heap after GC invocations=4 (full 0):
 garbage-first heap   total 122880K, used 21440K [0x0000000600000000, 0x0000000800000000)
  region size 4096K, 3 young (12288K), 3 survivors (12288K)
 Metaspace       used 16569K, committed 17152K, reserved 1114112K
  class space    used 2234K, committed 2496K, reserved 1048576K
}
Event: 3.596 GC heap before
{Heap before GC invocations=4 (full 0):
 garbage-first heap   total 122880K, used 54208K [0x0000000600000000, 0x0000000800000000)
  region size 4096K, 12 young (49152K), 3 survivors (12288K)
 Metaspace       used 20847K, committed 21504K, reserved 1114112K
  class space    used 2930K, committed 3264K, reserved 1048576K
}
Event: 3.604 GC heap after
{Heap after GC invocations=5 (full 0):
 garbage-first heap   total 122880K, used 24197K [0x0000000600000000, 0x0000000800000000)
  region size 4096K, 1 young (4096K), 1 survivors (4096K)
 Metaspace       used 20847K, committed 21504K, reserved 1114112K
  class space    used 2930K, committed 3264K, reserved 1048576K
}
Event: 7.433 GC heap before
{Heap before GC invocations=6 (full 0):
 garbage-first heap   total 110592K, used 81541K [0x0000000600000000, 0x0000000800000000)
  region size 4096K, 15 young (61440K), 1 survivors (4096K)
 Metaspace       used 27826K, committed 28992K, reserved 1114112K
  class space    used 4068K, committed 4672K, reserved 1048576K
}
Event: 7.437 GC heap after
{Heap after GC invocations=7 (full 0):
 garbage-first heap   total 110592K, used 26516K [0x0000000600000000, 0x0000000800000000)
  region size 4096K, 2 young (8192K), 2 survivors (8192K)
 Metaspace       used 27826K, committed 28992K, reserved 1114112K
  class space    used 4068K, committed 4672K, reserved 1048576K
}
Event: 7.480 GC heap before
{Heap before GC invocations=7 (full 0):
 garbage-first heap   total 110592K, used 30612K [0x0000000600000000, 0x0000000800000000)
  region size 4096K, 3 young (12288K), 2 survivors (8192K)
 Metaspace       used 28418K, committed 29632K, reserved 1114112K
  class space    used 4149K, committed 4800K, reserved 1048576K
}
Event: 7.484 GC heap after
{Heap after GC invocations=8 (full 0):
 garbage-first heap   total 110592K, used 26997K [0x0000000600000000, 0x0000000800000000)
  region size 4096K, 1 young (4096K), 1 survivors (4096K)
 Metaspace       used 28418K, committed 29632K, reserved 1114112K
  class space    used 4149K, committed 4800K, reserved 1048576K
}
Event: 8.005 GC heap before
{Heap before GC invocations=8 (full 0):
 garbage-first heap   total 110592K, used 72053K [0x0000000600000000, 0x0000000800000000)
  region size 4096K, 13 young (53248K), 1 survivors (4096K)
 Metaspace       used 34775K, committed 35968K, reserved 1114112K
  class space    used 4832K, committed 5504K, reserved 1048576K
}
Event: 8.008 GC heap after
{Heap after GC invocations=9 (full 0):
 garbage-first heap   total 110592K, used 30925K [0x0000000600000000, 0x0000000800000000)
  region size 4096K, 2 young (8192K), 2 survivors (8192K)
 Metaspace       used 34775K, committed 35968K, reserved 1114112K
  class space    used 4832K, committed 5504K, reserved 1048576K
}
Event: 8.391 GC heap before
{Heap before GC invocations=10 (full 0):
 garbage-first heap   total 110592K, used 75981K [0x0000000600000000, 0x0000000800000000)
  region size 4096K, 13 young (53248K), 2 survivors (8192K)
 Metaspace       used 37420K, committed 38784K, reserved 1114112K
  class space    used 5271K, committed 6016K, reserved 1048576K
}
Event: 8.395 GC heap after
{Heap after GC invocations=11 (full 0):
 garbage-first heap   total 110592K, used 32960K [0x0000000600000000, 0x0000000800000000)
  region size 4096K, 1 young (4096K), 1 survivors (4096K)
 Metaspace       used 37420K, committed 38784K, reserved 1114112K
  class space    used 5271K, committed 6016K, reserved 1048576K
}
Event: 9.102 GC heap before
{Heap before GC invocations=11 (full 0):
 garbage-first heap   total 110592K, used 78016K [0x0000000600000000, 0x0000000800000000)
  region size 4096K, 12 young (49152K), 1 survivors (4096K)
 Metaspace       used 40443K, committed 41920K, reserved 1114112K
  class space    used 5733K, committed 6528K, reserved 1048576K
}
Event: 9.105 GC heap after
{Heap after GC invocations=12 (full 0):
 garbage-first heap   total 110592K, used 34717K [0x0000000600000000, 0x0000000800000000)
  region size 4096K, 2 young (8192K), 2 survivors (8192K)
 Metaspace       used 40443K, committed 41920K, reserved 1114112K
  class space    used 5733K, committed 6528K, reserved 1048576K
}
Event: 10.911 GC heap before
{Heap before GC invocations=12 (full 0):
 garbage-first heap   total 110592K, used 79773K [0x0000000600000000, 0x0000000800000000)
  region size 4096K, 13 young (53248K), 2 survivors (8192K)
 Metaspace       used 45416K, committed 47040K, reserved 1114112K
  class space    used 6437K, committed 7296K, reserved 1048576K
}
Event: 10.915 GC heap after
{Heap after GC invocations=13 (full 0):
 garbage-first heap   total 110592K, used 36599K [0x0000000600000000, 0x0000000800000000)
  region size 4096K, 2 young (8192K), 2 survivors (8192K)
 Metaspace       used 45416K, committed 47040K, reserved 1114112K
  class space    used 6437K, committed 7296K, reserved 1048576K
}
Event: 11.390 GC heap before
{Heap before GC invocations=13 (full 0):
 garbage-first heap   total 110592K, used 81655K [0x0000000600000000, 0x0000000800000000)
  region size 4096K, 13 young (53248K), 2 survivors (8192K)
 Metaspace       used 47940K, committed 49536K, reserved 1114112K
  class space    used 6818K, committed 7680K, reserved 1048576K
}
Event: 11.397 GC heap after
{Heap after GC invocations=14 (full 0):
 garbage-first heap   total 110592K, used 40932K [0x0000000600000000, 0x0000000800000000)
  region size 4096K, 2 young (8192K), 2 survivors (8192K)
 Metaspace       used 47940K, committed 49536K, reserved 1114112K
  class space    used 6818K, committed 7680K, reserved 1048576K
}
Event: 11.795 GC heap before
{Heap before GC invocations=14 (full 0):
 garbage-first heap   total 110592K, used 85988K [0x0000000600000000, 0x0000000800000000)
  region size 4096K, 13 young (53248K), 2 survivors (8192K)
 Metaspace       used 51280K, committed 53120K, reserved 1114112K
  class space    used 7362K, committed 8320K, reserved 1048576K
}

