# JRE version: Java(TM) SE Runtime Environment (19.0.1+10) (build 19.0.1+10-21)
# Java VM: Java HotSpot(TM) 64-Bit Server VM (19.0.1+10-21, mixed mode, sharing, tiered, compressed oops, compressed class ptrs, g1 gc, windows-amd64)
GC Precious Log:
 CardTable entry size: 512
 Card Set container configuration: InlinePtr #cards 4 size 8 Array Of Cards #cards 32 size 80 Howl #buckets 8 coarsen threshold 7372 Howl Bitmap #cards 1024 size 144 coarsen threshold 921 Card regions per heap region 1 cards per card region 8192
 CPUs: 12 total, 12 available
 Memory: 7521M
 Large Page Support: Disabled
 NUMA Support: Disabled
 Compressed Oops: Enabled (Zero based)
 Heap Region Size: 4M
 Heap Min Capacity: 8M
 Heap Initial Capacity: 120M
 Heap Max Capacity: 8G
 Pre-touch: Disabled
 Parallel Workers: 10
 Concurrent Workers: 3
 Concurrent Refinement Workers: 10
 Periodic GC: Disabled
Heap:
 garbage-first heap   total 856064K, used 592120K [0x0000000600000000, 0x0000000800000000)
  region size 4096K, 110 young (450560K), 4 survivors (16384K)
 Metaspace       used 130694K, committed 133056K, reserved 1179648K
  class space    used 16503K, committed 17792K, reserved 1048576K
GC Heap History (20 events):
Event: 39.156 GC heap before
{Heap before GC invocations=65 (full 0):
 garbage-first heap   total 688128K, used 531916K [0x0000000600000000, 0x0000000800000000)
  region size 4096K, 100 young (409600K), 8 survivors (32768K)
 Metaspace       used 117963K, committed 120064K, reserved 1179648K
  class space    used 14755K, committed 15872K, reserved 1048576K
}
Event: 39.171 GC heap after
{Heap after GC invocations=66 (full 0):
 garbage-first heap   total 856064K, used 151149K [0x0000000600000000, 0x0000000800000000)
  region size 4096K, 3 young (12288K), 3 survivors (12288K)
 Metaspace       used 117963K, committed 120064K, reserved 1179648K
  class space    used 14755K, committed 15872K, reserved 1048576K
}
Event: 40.032 GC heap before
{Heap before GC invocations=66 (full 0):
 garbage-first heap   total 856064K, used 650861K [0x0000000600000000, 0x0000000800000000)
  region size 4096K, 125 young (512000K), 3 survivors (12288K)
 Metaspace       used 117973K, committed 120064K, reserved 1179648K
  class space    used 14757K, committed 15872K, reserved 1048576K
}
Event: 40.039 GC heap after
{Heap after GC invocations=67 (full 0):
 garbage-first heap   total 856064K, used 152466K [0x0000000600000000, 0x0000000800000000)
  region size 4096K, 3 young (12288K), 3 survivors (12288K)
 Metaspace       used 117973K, committed 120064K, reserved 1179648K
  class space    used 14757K, committed 15872K, reserved 1048576K
}
Event: 40.820 GC heap before
{Heap before GC invocations=67 (full 0):
 garbage-first heap   total 856064K, used 652178K [0x0000000600000000, 0x0000000800000000)
  region size 4096K, 125 young (512000K), 3 survivors (12288K)
 Metaspace       used 117973K, committed 120064K, reserved 1179648K
  class space    used 14757K, committed 15872K, reserved 1048576K
}
Event: 40.827 GC heap after
{Heap after GC invocations=68 (full 0):
 garbage-first heap   total 856064K, used 155523K [0x0000000600000000, 0x0000000800000000)
  region size 4096K, 4 young (16384K), 4 survivors (16384K)
 Metaspace       used 117973K, committed 120064K, reserved 1179648K
  class space    used 14757K, committed 15872K, reserved 1048576K
}
Event: 41.580 GC heap before
{Heap before GC invocations=68 (full 0):
 garbage-first heap   total 856064K, used 651139K [0x0000000600000000, 0x0000000800000000)
  region size 4096K, 125 young (512000K), 4 survivors (16384K)
 Metaspace       used 117974K, committed 120064K, reserved 1179648K
  class space    used 14757K, committed 15872K, reserved 1048576K
}
Event: 41.590 GC heap after
{Heap after GC invocations=69 (full 0):
 garbage-first heap   total 856064K, used 158215K [0x0000000600000000, 0x0000000800000000)
  region size 4096K, 4 young (16384K), 4 survivors (16384K)
 Metaspace       used 117974K, committed 120064K, reserved 1179648K
  class space    used 14757K, committed 15872K, reserved 1048576K
}
Event: 43.173 GC heap before
{Heap before GC invocations=69 (full 0):
 garbage-first heap   total 856064K, used 653831K [0x0000000600000000, 0x0000000800000000)
  region size 4096K, 125 young (512000K), 4 survivors (16384K)
 Metaspace       used 121508K, committed 123776K, reserved 1179648K
  class space    used 15362K, committed 16576K, reserved 1048576K
}
Event: 43.177 GC heap after
{Heap after GC invocations=70 (full 0):
 garbage-first heap   total 856064K, used 150078K [0x0000000600000000, 0x0000000800000000)
  region size 4096K, 2 young (8192K), 2 survivors (8192K)
 Metaspace       used 121508K, committed 123776K, reserved 1179648K
  class space    used 15362K, committed 16576K, reserved 1048576K
}
Event: 45.247 GC heap before
{Heap before GC invocations=70 (full 0):
 garbage-first heap   total 856064K, used 662078K [0x0000000600000000, 0x0000000800000000)
  region size 4096K, 125 young (512000K), 2 survivors (8192K)
 Metaspace       used 129396K, committed 131648K, reserved 1179648K
  class space    used 16399K, committed 17600K, reserved 1048576K
}
Event: 45.255 GC heap after
{Heap after GC invocations=71 (full 0):
 garbage-first heap   total 856064K, used 162034K [0x0000000600000000, 0x0000000800000000)
  region size 4096K, 4 young (16384K), 4 survivors (16384K)
 Metaspace       used 129396K, committed 131648K, reserved 1179648K
  class space    used 16399K, committed 17600K, reserved 1048576K
}
Event: 46.105 GC heap before
{Heap before GC invocations=71 (full 0):
 garbage-first heap   total 856064K, used 657650K [0x0000000600000000, 0x0000000800000000)
  region size 4096K, 125 young (512000K), 4 survivors (16384K)
 Metaspace       used 129396K, committed 131648K, reserved 1179648K
  class space    used 16399K, committed 17600K, reserved 1048576K
}
Event: 46.115 GC heap after
{Heap after GC invocations=72 (full 0):
 garbage-first heap   total 856064K, used 169358K [0x0000000600000000, 0x0000000800000000)
  region size 4096K, 6 young (24576K), 6 survivors (24576K)
 Metaspace       used 129396K, committed 131648K, reserved 1179648K
  class space    used 16399K, committed 17600K, reserved 1048576K
}
Event: 50.340 GC heap before
{Heap before GC invocations=72 (full 0):
 garbage-first heap   total 856064K, used 656782K [0x0000000600000000, 0x0000000800000000)
  region size 4096K, 125 young (512000K), 6 survivors (24576K)
 Metaspace       used 130636K, committed 132992K, reserved 1179648K
  class space    used 16500K, committed 17792K, reserved 1048576K
}
Event: 50.444 GC heap after
{Heap after GC invocations=73 (full 0):
 garbage-first heap   total 856064K, used 163614K [0x0000000600000000, 0x0000000800000000)
  region size 4096K, 5 young (20480K), 5 survivors (20480K)
 Metaspace       used 130636K, committed 132992K, reserved 1179648K
  class space    used 16500K, committed 17792K, reserved 1048576K
}
Event: 51.845 GC heap before
{Heap before GC invocations=73 (full 0):
 garbage-first heap   total 856064K, used 655134K [0x0000000600000000, 0x0000000800000000)
  region size 4096K, 125 young (512000K), 5 survivors (20480K)
 Metaspace       used 130667K, committed 133056K, reserved 1179648K
  class space    used 16501K, committed 17792K, reserved 1048576K
}
Event: 51.852 GC heap after
{Heap after GC invocations=74 (full 0):
 garbage-first heap   total 856064K, used 162629K [0x0000000600000000, 0x0000000800000000)
  region size 4096K, 5 young (20480K), 5 survivors (20480K)
 Metaspace       used 130667K, committed 133056K, reserved 1179648K
  class space    used 16501K, committed 17792K, reserved 1048576K
}
Event: 52.937 GC heap before
{Heap before GC invocations=74 (full 0):
 garbage-first heap   total 856064K, used 654149K [0x0000000600000000, 0x0000000800000000)
  region size 4096K, 125 young (512000K), 5 survivors (20480K)
 Metaspace       used 130667K, committed 133056K, reserved 1179648K
  class space    used 16501K, committed 17792K, reserved 1048576K
}
Event: 52.944 GC heap after
{Heap after GC invocations=75 (full 0):
 garbage-first heap   total 856064K, used 162040K [0x0000000600000000, 0x0000000800000000)
  region size 4096K, 4 young (16384K), 4 survivors (16384K)
 Metaspace       used 130667K, committed 133056K, reserved 1179648K
  class space    used 16501K, committed 17792K, reserved 1048576K
}

