# JRE version: Java(TM) SE Runtime Environment (19.0.1+10) (build 19.0.1+10-21)
# Java VM: Java HotSpot(TM) 64-Bit Server VM (19.0.1+10-21, mixed mode, sharing, tiered, compressed oops, compressed class ptrs, g1 gc, windows-amd64)
GC Precious Log:
 CardTable entry size: 512
 Card Set container configuration: InlinePtr #cards 4 size 8 Array Of Cards #cards 32 size 80 Howl #buckets 8 coarsen threshold 7372 Howl Bitmap #cards 1024 size 144 coarsen threshold 921 Card regions per heap region 1 cards per card region 8192
 CPUs: 12 total, 12 available
 Memory: 7521M
 Large Page Support: Disabled
 NUMA Support: Disabled
 Compressed Oops: Enabled (Zero based)
 Heap Region Size: 4M
 Heap Min Capacity: 8M
 Heap Initial Capacity: 120M
 Heap Max Capacity: 8G
 Pre-touch: Disabled
 Parallel Workers: 10
 Concurrent Workers: 3
 Concurrent Refinement Workers: 10
 Periodic GC: Disabled
Heap:
 garbage-first heap   total 487424K, used 315940K [0x0000000600000000, 0x0000000800000000)
  region size 4096K, 3 young (12288K), 3 survivors (12288K)
 Metaspace       used 136007K, committed 138752K, reserved 1179648K
  class space    used 17845K, committed 19264K, reserved 1048576K
GC Heap History (20 events):
Event: 41.073 GC heap after
{Heap after GC invocations=55 (full 0):
 garbage-first heap   total 393216K, used 208334K [0x0000000600000000, 0x0000000800000000)
  region size 4096K, 2 young (8192K), 2 survivors (8192K)
 Metaspace       used 122159K, committed 124736K, reserved 1179648K
  class space    used 16336K, committed 17664K, reserved 1048576K
}
Event: 44.215 GC heap before
{Heap before GC invocations=55 (full 0):
 garbage-first heap   total 393216K, used 327118K [0x0000000600000000, 0x0000000800000000)
  region size 4096K, 32 young (131072K), 2 survivors (8192K)
 Metaspace       used 132845K, committed 135488K, reserved 1179648K
  class space    used 17598K, committed 18944K, reserved 1048576K
}
Event: 44.237 GC heap after
{Heap after GC invocations=56 (full 0):
 garbage-first heap   total 393216K, used 223049K [0x0000000600000000, 0x0000000800000000)
  region size 4096K, 4 young (16384K), 4 survivors (16384K)
 Metaspace       used 132845K, committed 135488K, reserved 1179648K
  class space    used 17598K, committed 18944K, reserved 1048576K
}
Event: 44.937 GC heap before
{Heap before GC invocations=56 (full 0):
 garbage-first heap   total 393216K, used 325449K [0x0000000600000000, 0x0000000800000000)
  region size 4096K, 29 young (118784K), 4 survivors (16384K)
 Metaspace       used 132899K, committed 135488K, reserved 1179648K
  class space    used 17600K, committed 18944K, reserved 1048576K
}
Event: 44.959 GC heap after
{Heap after GC invocations=57 (full 0):
 garbage-first heap   total 393216K, used 226715K [0x0000000600000000, 0x0000000800000000)
  region size 4096K, 2 young (8192K), 2 survivors (8192K)
 Metaspace       used 132899K, committed 135488K, reserved 1179648K
  class space    used 17600K, committed 18944K, reserved 1048576K
}
Event: 45.607 GC heap before
{Heap before GC invocations=57 (full 0):
 garbage-first heap   total 393216K, used 325019K [0x0000000600000000, 0x0000000800000000)
  region size 4096K, 26 young (106496K), 2 survivors (8192K)
 Metaspace       used 132983K, committed 135616K, reserved 1179648K
  class space    used 17615K, committed 19008K, reserved 1048576K
}
Event: 45.613 GC heap after
{Heap after GC invocations=58 (full 0):
 garbage-first heap   total 393216K, used 227508K [0x0000000600000000, 0x0000000800000000)
  region size 4096K, 2 young (8192K), 2 survivors (8192K)
 Metaspace       used 132983K, committed 135616K, reserved 1179648K
  class space    used 17615K, committed 19008K, reserved 1048576K
}
Event: 46.468 GC heap before
{Heap before GC invocations=58 (full 0):
 garbage-first heap   total 393216K, used 329908K [0x0000000600000000, 0x0000000800000000)
  region size 4096K, 27 young (110592K), 2 survivors (8192K)
 Metaspace       used 133159K, committed 135808K, reserved 1179648K
  class space    used 17633K, committed 19008K, reserved 1048576K
}
Event: 46.474 GC heap after
{Heap after GC invocations=59 (full 0):
 garbage-first heap   total 393216K, used 228713K [0x0000000600000000, 0x0000000800000000)
  region size 4096K, 3 young (12288K), 3 survivors (12288K)
 Metaspace       used 133159K, committed 135808K, reserved 1179648K
  class space    used 17633K, committed 19008K, reserved 1048576K
}
Event: 47.243 GC heap before
{Heap before GC invocations=59 (full 0):
 garbage-first heap   total 393216K, used 331113K [0x0000000600000000, 0x0000000800000000)
  region size 4096K, 28 young (114688K), 3 survivors (12288K)
 Metaspace       used 134428K, committed 137088K, reserved 1179648K
  class space    used 17769K, committed 19136K, reserved 1048576K
}
Event: 47.253 GC heap after
{Heap after GC invocations=60 (full 0):
 garbage-first heap   total 393216K, used 233616K [0x0000000600000000, 0x0000000800000000)
  region size 4096K, 4 young (16384K), 4 survivors (16384K)
 Metaspace       used 134428K, committed 137088K, reserved 1179648K
  class space    used 17769K, committed 19136K, reserved 1048576K
}
Event: 47.400 GC heap before
{Heap before GC invocations=60 (full 0):
 garbage-first heap   total 393216K, used 323728K [0x0000000600000000, 0x0000000800000000)
  region size 4096K, 27 young (110592K), 4 survivors (16384K)
 Metaspace       used 134442K, committed 137088K, reserved 1179648K
  class space    used 17769K, committed 19136K, reserved 1048576K
}
Event: 47.421 GC heap after
{Heap after GC invocations=61 (full 0):
 garbage-first heap   total 475136K, used 239791K [0x0000000600000000, 0x0000000800000000)
  region size 4096K, 4 young (16384K), 4 survivors (16384K)
 Metaspace       used 134442K, committed 137088K, reserved 1179648K
  class space    used 17769K, committed 19136K, reserved 1048576K
}
Event: 47.846 GC heap before
{Heap before GC invocations=61 (full 0):
 garbage-first heap   total 475136K, used 391343K [0x0000000600000000, 0x0000000800000000)
  region size 4096K, 41 young (167936K), 4 survivors (16384K)
 Metaspace       used 134452K, committed 137088K, reserved 1179648K
  class space    used 17769K, committed 19136K, reserved 1048576K
}
Event: 47.860 GC heap after
{Heap after GC invocations=62 (full 0):
 garbage-first heap   total 475136K, used 240418K [0x0000000600000000, 0x0000000800000000)
  region size 4096K, 2 young (8192K), 2 survivors (8192K)
 Metaspace       used 134452K, committed 137088K, reserved 1179648K
  class space    used 17769K, committed 19136K, reserved 1048576K
}
Event: 48.216 GC heap before
{Heap before GC invocations=62 (full 0):
 garbage-first heap   total 475136K, used 408354K [0x0000000600000000, 0x0000000800000000)
  region size 4096K, 43 young (176128K), 2 survivors (8192K)
 Metaspace       used 134476K, committed 137088K, reserved 1179648K
  class space    used 17770K, committed 19136K, reserved 1048576K
}
Event: 48.220 GC heap after
{Heap after GC invocations=63 (full 0):
 garbage-first heap   total 475136K, used 241241K [0x0000000600000000, 0x0000000800000000)
  region size 4096K, 3 young (12288K), 3 survivors (12288K)
 Metaspace       used 134476K, committed 137088K, reserved 1179648K
  class space    used 17770K, committed 19136K, reserved 1048576K
}
Event: 50.701 GC heap before
{Heap before GC invocations=63 (full 0):
 garbage-first heap   total 475136K, used 384601K [0x0000000600000000, 0x0000000800000000)
  region size 4096K, 40 young (163840K), 3 survivors (12288K)
 Metaspace       used 135891K, committed 138560K, reserved 1179648K
  class space    used 17840K, committed 19200K, reserved 1048576K
}
Event: 50.735 GC heap after
{Heap after GC invocations=64 (full 0):
 garbage-first heap   total 475136K, used 241236K [0x0000000600000000, 0x0000000800000000)
  region size 4096K, 3 young (12288K), 3 survivors (12288K)
 Metaspace       used 135891K, committed 138560K, reserved 1179648K
  class space    used 17840K, committed 19200K, reserved 1048576K
}
Event: 52.201 GC heap before
{Heap before GC invocations=64 (full 0):
 garbage-first heap   total 475136K, used 466516K [0x0000000600000000, 0x0000000800000000)
  region size 4096K, 41 young (167936K), 3 survivors (12288K)
 Metaspace       used 136007K, committed 138752K, reserved 1179648K
  class space    used 17845K, committed 19264K, reserved 1048576K
}

