# JRE version: Java(TM) SE Runtime Environment (19.0.1+10) (build 19.0.1+10-21)
# Java VM: Java HotSpot(TM) 64-Bit Server VM (19.0.1+10-21, mixed mode, sharing, tiered, compressed oops, compressed class ptrs, g1 gc, windows-amd64)
GC Precious Log:
 CardTable entry size: 512
 Card Set container configuration: InlinePtr #cards 4 size 8 Array Of Cards #cards 32 size 80 Howl #buckets 8 coarsen threshold 7372 Howl Bitmap #cards 1024 size 144 coarsen threshold 921 Card regions per heap region 1 cards per card region 8192
 CPUs: 12 total, 12 available
 Memory: 7521M
 Large Page Support: Disabled
 NUMA Support: Disabled
 Compressed Oops: Enabled (Zero based)
 Heap Region Size: 4M
 Heap Min Capacity: 8M
 Heap Initial Capacity: 120M
 Heap Max Capacity: 8G
 Pre-touch: Disabled
 Parallel Workers: 10
 Concurrent Workers: 3
 Concurrent Refinement Workers: 10
 Periodic GC: Disabled
Heap:
 garbage-first heap   total 638976K, used 182556K [0x0000000600000000, 0x0000000800000000)
  region size 4096K, 6 young (24576K), 6 survivors (24576K)
 Metaspace       used 130950K, committed 133376K, reserved 1179648K
  class space    used 16838K, committed 18112K, reserved 1048576K
GC Heap History (20 events):
Event: 22.174 GC heap after
{Heap after GC invocations=44 (full 0):
 garbage-first heap   total 212992K, used 113535K [0x0000000600000000, 0x0000000800000000)
  region size 4096K, 2 young (8192K), 2 survivors (8192K)
 Metaspace       used 127495K, committed 129856K, reserved 1179648K
  class space    used 16548K, committed 17792K, reserved 1048576K
}
Event: 22.280 GC heap before
{Heap before GC invocations=44 (full 0):
 garbage-first heap   total 212992K, used 183167K [0x0000000600000000, 0x0000000800000000)
  region size 4096K, 17 young (69632K), 2 survivors (8192K)
 Metaspace       used 128529K, committed 130880K, reserved 1179648K
  class space    used 16644K, committed 17920K, reserved 1048576K
}
Event: 22.290 GC heap after
{Heap after GC invocations=45 (full 0):
 garbage-first heap   total 212992K, used 134361K [0x0000000600000000, 0x0000000800000000)
  region size 4096K, 3 young (12288K), 3 survivors (12288K)
 Metaspace       used 128529K, committed 130880K, reserved 1179648K
  class space    used 16644K, committed 17920K, reserved 1048576K
}
Event: 22.323 GC heap before
{Heap before GC invocations=45 (full 0):
 garbage-first heap   total 212992K, used 171225K [0x0000000600000000, 0x0000000800000000)
  region size 4096K, 13 young (53248K), 3 survivors (12288K)
 Metaspace       used 128604K, committed 131072K, reserved 1179648K
  class space    used 16644K, committed 17920K, reserved 1048576K
}
Event: 22.333 GC heap after
{Heap after GC invocations=46 (full 0):
 garbage-first heap   total 212992K, used 143090K [0x0000000600000000, 0x0000000800000000)
  region size 4096K, 2 young (8192K), 2 survivors (8192K)
 Metaspace       used 128604K, committed 131072K, reserved 1179648K
  class space    used 16644K, committed 17920K, reserved 1048576K
}
Event: 22.361 GC heap before
{Heap before GC invocations=46 (full 0):
 garbage-first heap   total 212992K, used 171762K [0x0000000600000000, 0x0000000800000000)
  region size 4096K, 10 young (40960K), 2 survivors (8192K)
 Metaspace       used 128742K, committed 131136K, reserved 1179648K
  class space    used 16658K, committed 17920K, reserved 1048576K
}
Event: 22.365 GC heap after
{Heap after GC invocations=47 (full 0):
 garbage-first heap   total 212992K, used 144951K [0x0000000600000000, 0x0000000800000000)
  region size 4096K, 1 young (4096K), 1 survivors (4096K)
 Metaspace       used 128742K, committed 131136K, reserved 1179648K
  class space    used 16658K, committed 17920K, reserved 1048576K
}
Event: 22.403 GC heap before
{Heap before GC invocations=47 (full 0):
 garbage-first heap   total 212992K, used 169527K [0x0000000600000000, 0x0000000800000000)
  region size 4096K, 8 young (32768K), 1 survivors (4096K)
 Metaspace       used 128886K, committed 131264K, reserved 1179648K
  class space    used 16672K, committed 17920K, reserved 1048576K
}
Event: 22.408 GC heap after
{Heap after GC invocations=48 (full 0):
 garbage-first heap   total 212992K, used 152330K [0x0000000600000000, 0x0000000800000000)
  region size 4096K, 1 young (4096K), 1 survivors (4096K)
 Metaspace       used 128886K, committed 131264K, reserved 1179648K
  class space    used 16672K, committed 17920K, reserved 1048576K
}
Event: 22.455 GC heap before
{Heap before GC invocations=48 (full 0):
 garbage-first heap   total 286720K, used 168714K [0x0000000600000000, 0x0000000800000000)
  region size 4096K, 6 young (24576K), 1 survivors (4096K)
 Metaspace       used 129154K, committed 131520K, reserved 1179648K
  class space    used 16699K, committed 17920K, reserved 1048576K
}
Event: 22.459 GC heap after
{Heap after GC invocations=49 (full 0):
 garbage-first heap   total 638976K, used 153759K [0x0000000600000000, 0x0000000800000000)
  region size 4096K, 1 young (4096K), 1 survivors (4096K)
 Metaspace       used 129154K, committed 131520K, reserved 1179648K
  class space    used 16699K, committed 17920K, reserved 1048576K
}
Event: 22.729 GC heap before
{Heap before GC invocations=50 (full 0):
 garbage-first heap   total 638976K, used 436383K [0x0000000600000000, 0x0000000800000000)
  region size 4096K, 71 young (290816K), 1 survivors (4096K)
 Metaspace       used 130641K, committed 132992K, reserved 1179648K
  class space    used 16838K, committed 18112K, reserved 1048576K
}
Event: 22.735 GC heap after
{Heap after GC invocations=51 (full 0):
 garbage-first heap   total 638976K, used 159772K [0x0000000600000000, 0x0000000800000000)
  region size 4096K, 2 young (8192K), 2 survivors (8192K)
 Metaspace       used 130641K, committed 132992K, reserved 1179648K
  class space    used 16838K, committed 18112K, reserved 1048576K
}
Event: 22.746 GC heap before
{Heap before GC invocations=51 (full 0):
 garbage-first heap   total 638976K, used 180252K [0x0000000600000000, 0x0000000800000000)
  region size 4096K, 7 young (28672K), 2 survivors (8192K)
 Metaspace       used 130642K, committed 132992K, reserved 1179648K
  class space    used 16838K, committed 18112K, reserved 1048576K
}
Event: 22.750 GC heap after
{Heap after GC invocations=52 (full 0):
 garbage-first heap   total 638976K, used 158996K [0x0000000600000000, 0x0000000800000000)
  region size 4096K, 1 young (4096K), 1 survivors (4096K)
 Metaspace       used 130642K, committed 132992K, reserved 1179648K
  class space    used 16838K, committed 18112K, reserved 1048576K
}
Event: 22.960 GC heap before
{Heap before GC invocations=52 (full 0):
 garbage-first heap   total 638976K, used 519444K [0x0000000600000000, 0x0000000800000000)
  region size 4096K, 90 young (368640K), 1 survivors (4096K)
 Metaspace       used 130782K, committed 133184K, reserved 1179648K
  class space    used 16838K, committed 18112K, reserved 1048576K
}
Event: 22.966 GC heap after
{Heap after GC invocations=53 (full 0):
 garbage-first heap   total 638976K, used 164897K [0x0000000600000000, 0x0000000800000000)
  region size 4096K, 2 young (8192K), 2 survivors (8192K)
 Metaspace       used 130782K, committed 133184K, reserved 1179648K
  class space    used 16838K, committed 18112K, reserved 1048576K
}
Event: 23.212 GC heap before
{Heap before GC invocations=53 (full 0):
 garbage-first heap   total 638976K, used 529441K [0x0000000600000000, 0x0000000800000000)
  region size 4096K, 92 young (376832K), 2 survivors (8192K)
 Metaspace       used 130842K, committed 133184K, reserved 1179648K
  class space    used 16838K, committed 18112K, reserved 1048576K
}
Event: 23.218 GC heap after
{Heap after GC invocations=54 (full 0):
 garbage-first heap   total 638976K, used 166616K [0x0000000600000000, 0x0000000800000000)
  region size 4096K, 3 young (12288K), 3 survivors (12288K)
 Metaspace       used 130842K, committed 133184K, reserved 1179648K
  class space    used 16838K, committed 18112K, reserved 1048576K
}
Event: 23.452 GC heap before
{Heap before GC invocations=54 (full 0):
 garbage-first heap   total 638976K, used 531160K [0x0000000600000000, 0x0000000800000000)
  region size 4096K, 93 young (380928K), 3 survivors (12288K)
 Metaspace       used 130950K, committed 133376K, reserved 1179648K
  class space    used 16838K, committed 18112K, reserved 1048576K
}

